ASSERTION	AAEDAAEFAAAAAAAAgFZAAwAAAAAAAEB/QA==
ASSERTION	AAECAAICAAAAAAAAAFlA
ASSERTION	AAEDAAEDAwAAAAAAAEB/QA==
RUN	simulations.CategoriesApiSimulation	categoriesapisimulation	1780858556252	 	3.11.5
USER	Categories API Load Test	START	1780858556819
USER	Categories API Load Test	START	1780858557812
USER	Categories API Load Test	START	1780858558812
USER	Categories API Load Test	START	1780858559810
USER	Categories API Load Test	START	1780858560811
REQUEST		GET /v1/Categories/6327/Details.json	1780858586868	1780858588341	OK	 
REQUEST		GET /v1/Categories/6328/Details.json	1780858587817	1780858589062	OK	 
REQUEST		GET /v1/Categories/6329/Details.json	1780858588817	1780858590028	OK	 
REQUEST		GET /v1/Categories/6330/Details.json	1780858589811	1780858590295	OK	 
REQUEST		GET /v1/Categories/6331/Details.json	1780858590819	1780858591266	KO	jsonPath($.CanRelist).find.is(true), but actually found false
REQUEST		GET /v1/Categories/6332/Details.json	1780858618413	1780858618741	OK	 
USER	Categories API Load Test	END	1780858618754
REQUEST		GET /v1/Categories/6333/Details.json	1780858619074	1780858619402	OK	 
USER	Categories API Load Test	END	1780858619408
REQUEST		GET /v1/Categories/6335/Details.json	1780858620300	1780858620758	OK	 
USER	Categories API Load Test	END	1780858620766
REQUEST		GET /v1/Categories/6334/Details.json	1780858620037	1780858621173	OK	 
USER	Categories API Load Test	END	1780858621179
REQUEST		GET /v1/Categories/6336/Details.json	1780858621276	1780858622410	OK	 
USER	Categories API Load Test	END	1780858622416
